#
# There is insufficient memory for the Java Runtime Environment to continue.
# Native memory allocation (malloc) failed to allocate 32744 bytes for ChunkPool::allocate
# Possible reasons:
#   The system is out of physical RAM or swap space
#   In 32 bit mode, the process size limit was hit
# Possible solutions:
#   Reduce memory load on the system
#   Increase physical memory or swap space
#   Check if swap backing store is full
#   Use 64 bit Java on a 64 bit OS
#   Decrease Java heap size (-Xmx/-Xms)
#   Decrease number of Java threads
#   Decrease Java thread stack sizes (-Xss)
#   Set larger code cache with -XX:ReservedCodeCacheSize=
# This output file may be truncated or incomplete.
#
#  Out of Memory Error (allocation.cpp:273), pid=17412, tid=4560
#
# JRE version: Java(TM) SE Runtime Environment (8.0_45-b14) (build 1.8.0_45-b14)
# Java VM: Java HotSpot(TM) 64-Bit Server VM (25.45-b02 mixed mode windows-amd64 compressed oops)
# Failed to write core dump. Minidumps are not enabled by default on client versions of Windows
#

---------------  T H R E A D  ---------------

Current thread (0x00000000179d9800):  JavaThread "C1 CompilerThread2" daemon [_thread_in_native, id=4560, stack(0x0000000019130000,0x0000000019230000)]

Stack: [0x0000000019130000,0x0000000019230000]
Native frames: (J=compiled Java code, j=interpreted, Vv=VM code, C=native code)
V  [jvm.dll+0x32b57a]
V  [jvm.dll+0x279873]
V  [jvm.dll+0x27a509]
V  [jvm.dll+0x271825]
V  [jvm.dll+0xcb804]
V  [jvm.dll+0xcba27]
V  [jvm.dll+0xcbeac]
V  [jvm.dll+0x41f674]
V  [jvm.dll+0x42733a]
V  [jvm.dll+0x405e70]
V  [jvm.dll+0x406240]
V  [jvm.dll+0x406372]
V  [jvm.dll+0x406541]
V  [jvm.dll+0x40674f]
V  [jvm.dll+0xa4352]
V  [jvm.dll+0xa4c8f]
V  [jvm.dll+0x241984]
V  [jvm.dll+0x29853a]
C  [msvcr100.dll+0x21d9f]
C  [msvcr100.dll+0x21e3b]
C  [KERNEL32.DLL+0x13034]
C  [ntdll.dll+0x73691]


Current CompileTask:
C1:   7051 1049   !   3       java.awt.DefaultKeyboardFocusManager::dispatchEvent (1589 bytes)


---------------  P R O C E S S  ---------------

Java Threads: ( => current thread )
  0x0000000019b36800 JavaThread "TimerQueue" daemon [_thread_blocked, id=4308, stack(0x000000001bfe0000,0x000000001c0e0000)]
  0x0000000019a0d800 JavaThread "Image Fetcher 0" daemon [_thread_blocked, id=21204, stack(0x000000001aab0000,0x000000001abb0000)]
  0x0000000002f22800 JavaThread "DestroyJavaVM" [_thread_blocked, id=20628, stack(0x0000000002d90000,0x0000000002e90000)]
  0x00000000199f4800 JavaThread "AWT-EventQueue-0" [_thread_blocked, id=14672, stack(0x000000001a580000,0x000000001a680000)]
  0x00000000199ec000 JavaThread "AWT-Windows" daemon [_thread_in_native, id=19312, stack(0x000000001a390000,0x000000001a490000)]
  0x00000000199c5000 JavaThread "AWT-Shutdown" [_thread_blocked, id=17576, stack(0x000000001a290000,0x000000001a390000)]
  0x00000000199c2800 JavaThread "Java2D Disposer" daemon [_thread_blocked, id=20764, stack(0x000000001a190000,0x000000001a290000)]
  0x0000000019250800 JavaThread "Service Thread" daemon [_thread_blocked, id=16632, stack(0x0000000019630000,0x0000000019730000)]
=>0x00000000179d9800 JavaThread "C1 CompilerThread2" daemon [_thread_in_native, id=4560, stack(0x0000000019130000,0x0000000019230000)]
  0x00000000179d5800 JavaThread "C2 CompilerThread1" daemon [_thread_blocked, id=20776, stack(0x0000000019030000,0x0000000019130000)]
  0x00000000179d0000 JavaThread "C2 CompilerThread0" daemon [_thread_blocked, id=8876, stack(0x0000000018f30000,0x0000000019030000)]
  0x00000000179ce800 JavaThread "Attach Listener" daemon [_thread_blocked, id=20520, stack(0x0000000018e30000,0x0000000018f30000)]
  0x00000000179cd000 JavaThread "Signal Dispatcher" daemon [_thread_blocked, id=11248, stack(0x0000000018d30000,0x0000000018e30000)]
  0x0000000003018000 JavaThread "Finalizer" daemon [_thread_blocked, id=16812, stack(0x0000000018c30000,0x0000000018d30000)]
  0x0000000017999000 JavaThread "Reference Handler" daemon [_thread_blocked, id=20136, stack(0x0000000018b30000,0x0000000018c30000)]

Other Threads:
  0x0000000017997000 VMThread [stack: 0x0000000018a30000,0x0000000018b30000] [id=20920]
  0x0000000019273000 WatcherThread [stack: 0x0000000019730000,0x0000000019830000] [id=18416]

VM state:not at safepoint (normal execution)

VM Mutex/Monitor currently owned by a thread: None

Heap:
 PSYoungGen      total 36864K, used 10961K [0x00000000d6b80000, 0x00000000d9480000, 0x0000000100000000)
  eden space 31744K, 20% used [0x00000000d6b80000,0x00000000d71c67c0,0x00000000d8a80000)
  from space 5120K, 88% used [0x00000000d8a80000,0x00000000d8eede08,0x00000000d8f80000)
  to   space 5120K, 0% used [0x00000000d8f80000,0x00000000d8f80000,0x00000000d9480000)
 ParOldGen       total 84992K, used 16K [0x0000000084200000, 0x0000000089500000, 0x00000000d6b80000)
  object space 84992K, 0% used [0x0000000084200000,0x0000000084204000,0x0000000089500000)
 Metaspace       used 11576K, capacity 11810K, committed 12032K, reserved 1060864K
  class space    used 1396K, capacity 1481K, committed 1536K, reserved 1048576K

Card table byte_map: [0x00000000123e0000,0x00000000127c0000] byte_map_base: 0x0000000011fbf000

Marking Bits: (ParMarkBitMap*) 0x000000005bb24040
 Begin Bits: [0x0000000012e60000, 0x0000000014d58000)
 End Bits:   [0x0000000014d58000, 0x0000000016c50000)

Polling page: 0x0000000002d50000

CodeCache: size=245760Kb used=3670Kb max_used=3670Kb free=242089Kb
 bounds [0x0000000003020000, 0x00000000033c0000, 0x0000000012020000]
 total_blobs=1531 nmethods=1048 adapters=396
 compilation: enabled

Compilation events (10 events):
Event: 6.956 Thread 0x00000000179d9800 nmethod 1044 0x00000000033afcd0 code [0x00000000033afe40, 0x00000000033b0070]
Event: 6.956 Thread 0x00000000179d9800 1045   !   3       sun.java2d.pipe.DrawImage::renderImageCopy (147 bytes)
Event: 6.958 Thread 0x00000000179d9800 nmethod 1045 0x00000000033b0dd0 code [0x00000000033b0fe0, 0x00000000033b1e98]
Event: 6.968 Thread 0x00000000179d9800 1046   !   3       sun.awt.image.SurfaceManager::getManager (47 bytes)
Event: 6.969 Thread 0x00000000179d9800 nmethod 1046 0x00000000033b6710 code [0x00000000033b68e0, 0x00000000033b7018]
Event: 6.969 Thread 0x00000000179d9800 1047       3       sun.java2d.SunGraphics2D::drawImage (11 bytes)
Event: 6.969 Thread 0x00000000179d9800 nmethod 1047 0x00000000033af8d0 code [0x00000000033afa40, 0x00000000033afc48]
Event: 6.969 Thread 0x00000000179d9800 1048       3       sun.java2d.pipe.ValidatePipe::copyImage (29 bytes)
Event: 6.970 Thread 0x00000000179d9800 nmethod 1048 0x00000000033b7390 code [0x00000000033b7540, 0x00000000033b7b68]
Event: 6.982 Thread 0x00000000179d9800 1049   !   3       java.awt.DefaultKeyboardFocusManager::dispatchEvent (1589 bytes)

GC Heap History (2 events):
Event: 6.930 GC heap before
{Heap before GC invocations=1 (full 0):
 PSYoungGen      total 36864K, used 31090K [0x00000000d6b80000, 0x00000000d9480000, 0x0000000100000000)
  eden space 31744K, 97% used [0x00000000d6b80000,0x00000000d89dca70,0x00000000d8a80000)
  from space 5120K, 0% used [0x00000000d8f80000,0x00000000d8f80000,0x00000000d9480000)
  to   space 5120K, 0% used [0x00000000d8a80000,0x00000000d8a80000,0x00000000d8f80000)
 ParOldGen       total 84992K, used 0K [0x0000000084200000, 0x0000000089500000, 0x00000000d6b80000)
  object space 84992K, 0% used [0x0000000084200000,0x0000000084200000,0x0000000089500000)
 Metaspace       used 11521K, capacity 11746K, committed 12032K, reserved 1060864K
  class space    used 1396K, capacity 1481K, committed 1536K, reserved 1048576K
Event: 6.937 GC heap after
Heap after GC invocations=1 (full 0):
 PSYoungGen      total 36864K, used 4535K [0x00000000d6b80000, 0x00000000d9480000, 0x0000000100000000)
  eden space 31744K, 0% used [0x00000000d6b80000,0x00000000d6b80000,0x00000000d8a80000)
  from space 5120K, 88% used [0x00000000d8a80000,0x00000000d8eede08,0x00000000d8f80000)
  to   space 5120K, 0% used [0x00000000d8f80000,0x00000000d8f80000,0x00000000d9480000)
 ParOldGen       total 84992K, used 16K [0x0000000084200000, 0x0000000089500000, 0x00000000d6b80000)
  object space 84992K, 0% used [0x0000000084200000,0x0000000084204000,0x0000000089500000)
 Metaspace       used 11521K, capacity 11746K, committed 12032K, reserved 1060864K
  class space    used 1396K, capacity 1481K, committed 1536K, reserved 1048576K
}

Deoptimization events (4 events):
Event: 1.940 Thread 0x00000000199f4800 Uncommon trap: reason=class_check action=maybe_recompile pc=0x00000000031b9668 method=java.lang.String.equals(Ljava/lang/Object;)Z @ 8
Event: 1.943 Thread 0x00000000199f4800 Uncommon trap: reason=class_check action=maybe_recompile pc=0x00000000031b9668 method=java.lang.String.equals(Ljava/lang/Object;)Z @ 8
Event: 1.947 Thread 0x00000000199f4800 Uncommon trap: reason=class_check action=maybe_recompile pc=0x00000000031b9668 method=java.lang.String.equals(Ljava/lang/Object;)Z @ 8
Event: 1.947 Thread 0x00000000199f4800 Uncommon trap: reason=class_check action=maybe_recompile pc=0x00000000031b9668 method=java.lang.String.equals(Ljava/lang/Object;)Z @ 8

Internal exceptions (10 events):
Event: 0.047 Thread 0x0000000002f22800 Exception <a 'java/lang/NoSuchMethodError': Method sun.misc.Unsafe.defineClass(Ljava/lang/String;[BII)Ljava/lang/Class; name or signature does not match> (0x00000000d6b8ec28) thrown at [C:\re\workspace\8-2-build-windows-amd64-cygwin\jdk8u45\3457\hotspot\sr%æ®VR¨?
Event: 0.048 Thread 0x0000000002f22800 Exception <a 'java/lang/NoSuchMethodError': Method sun.misc.Unsafe.prefetchRead(Ljava/lang/Object;J)V name or signature does not match> (0x00000000d6b8eeb8) thrown at [C:\re\workspace\8-2-build-windows-amd64-cygwin\jdk8u45\3457\hotspot\src\share\vm\prims\j^h ÚÂ?
Event: 0.147 Thread 0x0000000002f22800 Exception <a 'java/security/PrivilegedActionException'> (0x00000000d6d95d28) thrown at [C:\re\workspace\8-2-build-windows-amd64-cygwin\jdk8u45\3457\hotspot\src\share\vm\prims\jvm.cpp, line 1382]
Event: 0.147 Thread 0x0000000002f22800 Exception <a 'java/security/PrivilegedActionException'> (0x00000000d6d95ee0) thrown at [C:\re\workspace\8-2-build-windows-amd64-cygwin\jdk8u45\3457\hotspot\src\share\vm\prims\jvm.cpp, line 1382]
Event: 0.148 Thread 0x0000000002f22800 Exception <a 'java/security/PrivilegedActionException'> (0x00000000d6d99c78) thrown at [C:\re\workspace\8-2-build-windows-amd64-cygwin\jdk8u45\3457\hotspot\src\share\vm\prims\jvm.cpp, line 1382]
Event: 0.148 Thread 0x0000000002f22800 Exception <a 'java/security/PrivilegedActionException'> (0x00000000d6d99e30) thrown at [C:\re\workspace\8-2-build-windows-amd64-cygwin\jdk8u45\3457\hotspot\src\share\vm\prims\jvm.cpp, line 1382]
Event: 0.172 Thread 0x0000000002f22800 Exception <a 'java/io/FileNotFoundException'> (0x00000000d6dd4a30) thrown at [C:\re\workspace\8-2-build-windows-amd64-cygwin\jdk8u45\3457\hotspot\src\share\vm\prims\jni.cpp, line 709]
Event: 0.255 Thread 0x0000000002f22800 Exception <a 'java/lang/NoSuchFieldError': method resolution failed> (0x00000000d6ebe020) thrown at [C:\re\workspace\8-2-build-windows-amd64-cygwin\jdk8u45\3457\hotspot\src\share\vm\prims\methodHandles.cpp, line 1125]
Event: 0.259 Thread 0x0000000002f22800 Exception <a 'java/lang/NoSuchFieldError': method resolution failed> (0x00000000d6ecca60) thrown at [C:\re\workspace\8-2-build-windows-amd64-cygwin\jdk8u45\3457\hotspot\src\share\vm\prims\methodHandles.cpp, line 1125]
Event: 0.332 Thread 0x00000000199f4800 Exception <a 'java/io/FileNotFoundException'> (0x00000000d7083790) thrown at [C:\re\workspace\8-2-build-windows-amd64-cygwin\jdk8u45\3457\hotspot\src\share\vm\prims\jni.cpp, line 709]

Events (10 events):
Event: 3.294 loading class mx/org/asa/ivr/manejadorxml/krmenugo/vistas/ventanaPrincipal$2
Event: 3.294 loading class mx/org/asa/ivr/manejadorxml/krmenugo/vistas/ventanaPrincipal$2 done
Event: 4.156 Executing VM operation: EnableBiasedLocking
Event: 4.156 Executing VM operation: EnableBiasedLocking done
Event: 5.898 loading class sun/awt/windows/WComponentPeer$1
Event: 5.898 loading class sun/awt/windows/WComponentPeer$1 done
Event: 5.902 loading class sun/java2d/opengl/OGLSurfaceData
Event: 5.903 loading class sun/java2d/opengl/OGLSurfaceData done
Event: 6.930 Executing VM operation: ParallelGCFailedAllocation
Event: 6.937 Executing VM operation: ParallelGCFailedAllocation done


Dynamic libraries:
0x00007ff6a1ae0000 - 0x00007ff6a1b17000 	C:\Program Files\Java\jdk1.8.0_45\bin\javaw.exe
0x00007ffd67490000 - 0x00007ffd67671000 	C:\WINDOWS\SYSTEM32\ntdll.dll
0x00007ffd652b0000 - 0x00007ffd65362000 	C:\WINDOWS\System32\KERNEL32.DLL
0x00007ffd64470000 - 0x00007ffd646e3000 	C:\WINDOWS\System32\KERNELBASE.dll
0x00007ffd66ed0000 - 0x00007ffd66f71000 	C:\WINDOWS\System32\ADVAPI32.dll
0x00007ffd67030000 - 0x00007ffd670ce000 	C:\WINDOWS\System32\msvcrt.dll
0x00007ffd64c40000 - 0x00007ffd64c9b000 	C:\WINDOWS\System32\sechost.dll
0x00007ffd654f0000 - 0x00007ffd65614000 	C:\WINDOWS\System32\RPCRT4.dll
0x00007ffd64aa0000 - 0x00007ffd64c30000 	C:\WINDOWS\System32\USER32.dll
0x00007ffd64450000 - 0x00007ffd64470000 	C:\WINDOWS\System32\win32u.dll
0x00007ffd64a60000 - 0x00007ffd64a88000 	C:\WINDOWS\System32\GDI32.dll
0x00007ffd63910000 - 0x00007ffd63aa2000 	C:\WINDOWS\System32\gdi32full.dll
0x00007ffd643b0000 - 0x00007ffd6444f000 	C:\WINDOWS\System32\msvcp_win.dll
0x00007ffd647f0000 - 0x00007ffd648ea000 	C:\WINDOWS\System32\ucrtbase.dll
0x00007ffd594d0000 - 0x00007ffd59739000 	C:\WINDOWS\WinSxS\amd64_microsoft.windows.common-controls_6595b64144ccf1df_6.0.17134.472_none_fb3f9af53068156d\COMCTL32.dll
0x00007ffd66ba0000 - 0x00007ffd66ec2000 	C:\WINDOWS\System32\combase.dll
0x00007ffd63830000 - 0x00007ffd638aa000 	C:\WINDOWS\System32\bcryptPrimitives.dll
0x00007ffd66b10000 - 0x00007ffd66b3d000 	C:\WINDOWS\System32\IMM32.DLL
0x000000005b240000 - 0x000000005b312000 	C:\Program Files\Java\jdk1.8.0_45\jre\bin\msvcr100.dll
0x000000005b320000 - 0x000000005bba3000 	C:\Program Files\Java\jdk1.8.0_45\jre\bin\server\jvm.dll
0x00007ffd64a90000 - 0x00007ffd64a98000 	C:\WINDOWS\System32\PSAPI.DLL
0x00007ffd57730000 - 0x00007ffd57739000 	C:\WINDOWS\SYSTEM32\WSOCK32.dll
0x00007ffd61a00000 - 0x00007ffd61a23000 	C:\WINDOWS\SYSTEM32\WINMM.dll
0x00007ffd5e110000 - 0x00007ffd5e11a000 	C:\WINDOWS\SYSTEM32\VERSION.dll
0x00007ffd673c0000 - 0x00007ffd6742c000 	C:\WINDOWS\System32\WS2_32.dll
0x00007ffd619a0000 - 0x00007ffd619ca000 	C:\WINDOWS\SYSTEM32\WINMMBASE.dll
0x00007ffd647a0000 - 0x00007ffd647e9000 	C:\WINDOWS\System32\cfgmgr32.dll
0x000000005b1f0000 - 0x000000005b1ff000 	C:\Program Files\Java\jdk1.8.0_45\jre\bin\verify.dll
0x000000005b1c0000 - 0x000000005b1e9000 	C:\Program Files\Java\jdk1.8.0_45\jre\bin\java.dll
0x000000005b1a0000 - 0x000000005b1b6000 	C:\Program Files\Java\jdk1.8.0_45\jre\bin\zip.dll
0x00007ffd65620000 - 0x00007ffd66a60000 	C:\WINDOWS\System32\SHELL32.dll
0x00007ffd66a60000 - 0x00007ffd66b09000 	C:\WINDOWS\System32\shcore.dll
0x00007ffd63ab0000 - 0x00007ffd641bd000 	C:\WINDOWS\System32\windows.storage.dll
0x00007ffd670d0000 - 0x00007ffd67121000 	C:\WINDOWS\System32\shlwapi.dll
0x00007ffd63810000 - 0x00007ffd63821000 	C:\WINDOWS\System32\kernel.appcore.dll
0x00007ffd63770000 - 0x00007ffd6378f000 	C:\WINDOWS\System32\profapi.dll
0x00007ffd637a0000 - 0x00007ffd637ec000 	C:\WINDOWS\System32\powrprof.dll
0x00007ffd63790000 - 0x00007ffd6379a000 	C:\WINDOWS\System32\FLTLIB.DLL
0x000000005afc0000 - 0x000000005b158000 	C:\Program Files\Java\jdk1.8.0_45\jre\bin\awt.dll
0x00007ffd67150000 - 0x00007ffd67212000 	C:\WINDOWS\System32\OLEAUT32.dll
0x00007ffd61b00000 - 0x00007ffd61b8b000 	C:\WINDOWS\SYSTEM32\apphelp.dll
0x00007ffd61e20000 - 0x00007ffd61eb8000 	C:\WINDOWS\system32\uxtheme.dll
0x00007ffd65370000 - 0x00007ffd654e3000 	C:\WINDOWS\System32\MSCTF.dll
0x00007ffd61f00000 - 0x00007ffd61f29000 	C:\WINDOWS\system32\dwmapi.dll
0x00007ffd64ca0000 - 0x00007ffd64df1000 	C:\WINDOWS\System32\ole32.dll
0x000000005af70000 - 0x000000005afb7000 	C:\Program Files\Java\jdk1.8.0_45\jre\bin\fontmanager.dll
0x00007ffd66f90000 - 0x00007ffd67030000 	C:\WINDOWS\System32\clbcatq.dll
0x00007ffd5f190000 - 0x00007ffd5f33e000 	C:\WINDOWS\SYSTEM32\WindowsCodecs.dll
0x00007ffd59750000 - 0x00007ffd597a8000 	C:\WINDOWS\system32\dataexchange.dll
0x00007ffd61190000 - 0x00007ffd6132c000 	C:\WINDOWS\system32\dcomp.dll
0x00007ffd608b0000 - 0x00007ffd60bbb000 	C:\WINDOWS\system32\d3d11.dll
0x00007ffd62530000 - 0x00007ffd625eb000 	C:\WINDOWS\system32\dxgi.dll
0x00007ffd62010000 - 0x00007ffd621c8000 	C:\WINDOWS\system32\twinapi.appcore.dll
0x00007ffd61fe0000 - 0x00007ffd62001000 	C:\WINDOWS\system32\RMCLIENT.dll
0x000000005b180000 - 0x000000005b19a000 	C:\Program Files\Java\jdk1.8.0_45\jre\bin\net.dll
0x00007ffd62ff0000 - 0x00007ffd63056000 	C:\WINDOWS\system32\mswsock.dll
0x000000005b160000 - 0x000000005b171000 	C:\Program Files\Java\jdk1.8.0_45\jre\bin\nio.dll
0x000000005af20000 - 0x000000005af61000 	C:\Program Files\Java\jdk1.8.0_45\jre\bin\t2k.dll
0x00007ffd579e0000 - 0x00007ffd57a76000 	C:\WINDOWS\System32\TextInputFramework.dll
0x00007ffd5e7f0000 - 0x00007ffd5eb0e000 	C:\WINDOWS\System32\CoreUIComponents.dll
0x00007ffd61490000 - 0x00007ffd6156a000 	C:\WINDOWS\System32\CoreMessaging.dll
0x00007ffd62860000 - 0x00007ffd62891000 	C:\WINDOWS\SYSTEM32\ntmarta.dll
0x00007ffd5f7a0000 - 0x00007ffd5f8ed000 	C:\WINDOWS\SYSTEM32\wintypes.dll
0x00007ffd52430000 - 0x00007ffd525f9000 	C:\WINDOWS\SYSTEM32\dbghelp.dll

VM Arguments:
jvm_args: -Dfile.encoding=Cp1252 
java_command: mx.org.asa.ivr.manejadorxml.krmenugo.vistas.Eleccion_Comprobante
java_class_path (initial): C:\Program Files\Java\jdk1.8.0_45\jre\lib\resources.jar;C:\Program Files\Java\jdk1.8.0_45\jre\lib\rt.jar;C:\Program Files\Java\jdk1.8.0_45\jre\lib\jsse.jar;C:\Program Files\Java\jdk1.8.0_45\jre\lib\jce.jar;C:\Program Files\Java\jdk1.8.0_45\jre\lib\charsets.jar;C:\Program Files\Java\jdk1.8.0_45\jre\lib\jfr.jar;C:\Program Files\Java\jdk1.8.0_45\jre\lib\ext\access-bridge-64.jar;C:\Program Files\Java\jdk1.8.0_45\jre\lib\ext\cldrdata.jar;C:\Program Files\Java\jdk1.8.0_45\jre\lib\ext\dnsns.jar;C:\Program Files\Java\jdk1.8.0_45\jre\lib\ext\jaccess.jar;C:\Program Files\Java\jdk1.8.0_45\jre\lib\ext\jfxrt.jar;C:\Program Files\Java\jdk1.8.0_45\jre\lib\ext\localedata.jar;C:\Program Files\Java\jdk1.8.0_45\jre\lib\ext\nashorn.jar;C:\Program Files\Java\jdk1.8.0_45\jre\lib\ext\sunec.jar;C:\Program Files\Java\jdk1.8.0_45\jre\lib\ext\sunjce_provider.jar;C:\Program Files\Java\jdk1.8.0_45\jre\lib\ext\sunmscapi.jar;C:\Program Files\Java\jdk1.8.0_45\jre\lib\ext\sunpkcs11.jar;C:\Program Files\Java\jdk1.8.0_45\jre\lib\ext\zipfs.jar;C:\Users\KRMENUGO\eclipse-workspace\Manejo_de_ XML_IVR\bin;C:\Users\KRMENUGO\Documents\-- U N I V E R S I D A D --\RESIDENCIAS\JARS\filechooser-1.0.1.jar;C:\Users\KRMENUGO\Documents\-- U N I V E R S I D A D --\RESIDENCIAS\JARS\filechooser-1.0.1.jar.zip;C:\Users\KRMENUGO\Documents\-- U N I V E R S I D A D --\RESIDENCIAS\JARS\javax.faces-api-2.2-FINAL.zip;C:\Users\KRMENUGO\Documents\-- U N I V E R S I D A D --\RESIDENCIAS\JARS\jcalendar-1.4.jar;C:\Users\KRMENUGO\Documents\-- U N I V E R S I D A D --\RESIDENCIAS\JARS\jcalendar-1.4.zip;C:\Users\KRMENUGO\Documents\-- U N I V E R S I D A D --\RESIDENCIAS\JARS\jdom-2.0.6.jar;C:\Users\KRMENUGO\Documents\-- U N I V E R S I D A D --\RESIDENCIAS\JARS\jdom-2.0.6-contrib.jar;C:\Users\KRMENUGO\Documents\-- U N I V E R S I D A D --\RESIDENCIAS\JARS\jdom-2.0.6-javadoc.jar;C:\Users\KRMENUGO\Documents\-- U N I V E R S I D A D --\RESIDENCIAS\JARS\jdom-2.0.6-junit.jar;C:\Users\KRMENUGO\Documents\-- U N 
Launcher Type: SUN_STANDARD

Environment Variables:
JAVA_HOME=C:\Program Files\Java\jdk1.8.0_131
PATH=C:/Program Files/Java/jre1.8.0_131/bin/server;C:/Program Files/Java/jre1.8.0_131/bin;C:/Program Files/Java/jre1.8.0_131/lib/amd64;C:\Python27\;C:\Python27\Scripts;C:\ProgramData\Oracle\Java\javapath;C:\WINDOWS\system32;C:\WINDOWS;C:\WINDOWS\System32\Wbem;C:\WINDOWS\System32\WindowsPowerShell\v1.0\;C:\Program Files\PuTTY\;C:\Program Files (x86)\Microchip\MPLAB C32 Suite\bin;C:\Program Files (x86)\Microchip\MPLAB IDE\VDI;c:\Program Files (x86)\Microsoft SQL Server\100\Tools\Binn\;c:\Program Files\Microsoft SQL Server\100\Tools\Binn\;c:\Program Files\Microsoft SQL Server\100\DTS\Binn\;c:\Program Files (x86)\Microsoft SQL Server\100\Tools\Binn\VSShell\Common7\IDE\;c:\Program Files (x86)\Microsoft Visual Studio 9.0\Common7\IDE\PrivateAssemblies\;c:\Program Files (x86)\Microsoft SQL Server\100\DTS\Binn\;C:\Program Files\Microsoft SQL Server\130\Tools\Binn\;C:\Program Files (x86)\GtkSharp\2.12\bin;C:\Program Files\Git\cmd;C:\Users\KRMENUGO\Downloads\apache-maven-3.5.3\bin;C:\WINDOWS\System32\OpenSSH\;C:\Program Files\dotnet\;C:\Program Files\MongoDB\Server\3.6\bin;C:\Program Files\Java\jdk1.8.0_131\bin;C:\Users\KRMENUGO\AppData\Local\Microsoft\WindowsApps;C:\Users\KRMENUGO\Downloads\apache-maven-3.5.3\bin;;C:\Users\KRMENUGO\Desktop;
USERNAME=KRMENUGO
OS=Windows_NT
PROCESSOR_IDENTIFIER=Intel64 Family 6 Model 37 Stepping 5, GenuineIntel



---------------  S Y S T E M  ---------------

OS: Windows 10.0 , 64 bit Build 17134 (10.0.17134.1)

CPU:total 4 (2 cores per cpu, 2 threads per core) family 6 model 37 stepping 5, cmov, cx8, fxsr, mmx, sse, sse2, sse3, ssse3, sse4.1, sse4.2, popcnt, aes, clmul, ht, tsc, tscinvbit

Memory: 4k page, physical 8114472k(2198924k free), swap 25329944k(224k free)

vm_info: Java HotSpot(TM) 64-Bit Server VM (25.45-b02) for windows-amd64 JRE (1.8.0_45-b14), built on Apr 10 2015 10:34:15 by "java_re" with MS VC++ 10.0 (VS2010)

time: Mon Jan 14 22:35:16 2019
elapsed time: 7 seconds (0d 0h 0m 7s)

